Determining if the pthread_create exist failed with the following output:
Change Dir: /home/ubuntu/commsys/cpp_version/build/CMakeFiles/CMakeTmp

Run Build Command:"/usr/bin/make" "cmTC_bda8a/fast"
/usr/bin/make -f CMakeFiles/cmTC_bda8a.dir/build.make CMakeFiles/cmTC_bda8a.dir/build
make[1]: Entering directory '/home/ubuntu/commsys/cpp_version/build/CMakeFiles/CMakeTmp'
Building C object CMakeFiles/cmTC_bda8a.dir/CheckSymbolExists.c.o
/usr/bin/cc    -o CMakeFiles/cmTC_bda8a.dir/CheckSymbolExists.c.o   -c /home/ubuntu/commsys/cpp_version/build/CMakeFiles/CMakeTmp/CheckSymbolExists.c
Linking C executable cmTC_bda8a
/usr/bin/cmake -E cmake_link_script CMakeFiles/cmTC_bda8a.dir/link.txt --verbose=1
/usr/bin/cc      -rdynamic CMakeFiles/cmTC_bda8a.dir/CheckSymbolExists.c.o  -o cmTC_bda8a 
/usr/bin/ld: CMakeFiles/cmTC_bda8a.dir/CheckSymbolExists.c.o: in function `main':
CheckSymbolExists.c:(.text+0x1f): undefined reference to `pthread_create'
collect2: error: ld returned 1 exit status
make[1]: *** [CMakeFiles/cmTC_bda8a.dir/build.make:98: cmTC_bda8a] Error 1
make[1]: Leaving directory '/home/ubuntu/commsys/cpp_version/build/CMakeFiles/CMakeTmp'
make: *** [Makefile:126: cmTC_bda8a/fast] Error 2

File /home/ubuntu/commsys/cpp_version/build/CMakeFiles/CMakeTmp/CheckSymbolExists.c:
/* */
#include <pthread.h>

int main(int argc, char** argv)
{
  (void)argv;
#ifndef pthread_create
  return ((int*)(&pthread_create))[argc];
#else
  (void)argc;
  return 0;
#endif
}

Determining if the function pthread_create exists in the pthreads failed with the following output:
Change Dir: /home/ubuntu/commsys/cpp_version/build/CMakeFiles/CMakeTmp

Run Build Command:"/usr/bin/make" "cmTC_b6a9b/fast"
/usr/bin/make -f CMakeFiles/cmTC_b6a9b.dir/build.make CMakeFiles/cmTC_b6a9b.dir/build
make[1]: Entering directory '/home/ubuntu/commsys/cpp_version/build/CMakeFiles/CMakeTmp'
Building C object CMakeFiles/cmTC_b6a9b.dir/CheckFunctionExists.c.o
/usr/bin/cc   -DCHECK_FUNCTION_EXISTS=pthread_create   -o CMakeFiles/cmTC_b6a9b.dir/CheckFunctionExists.c.o   -c /usr/share/cmake-3.10/Modules/CheckFunctionExists.c
Linking C executable cmTC_b6a9b
/usr/bin/cmake -E cmake_link_script CMakeFiles/cmTC_b6a9b.dir/link.txt --verbose=1
/usr/bin/cc  -DCHECK_FUNCTION_EXISTS=pthread_create    -rdynamic CMakeFiles/cmTC_b6a9b.dir/CheckFunctionExists.c.o  -o cmTC_b6a9b -lpthreads 
/usr/bin/ld: cannot find -lpthreads
collect2: error: ld returned 1 exit status
make[1]: *** [CMakeFiles/cmTC_b6a9b.dir/build.make:98: cmTC_b6a9b] Error 1
make[1]: Leaving directory '/home/ubuntu/commsys/cpp_version/build/CMakeFiles/CMakeTmp'
make: *** [Makefile:126: cmTC_b6a9b/fast] Error 2


